# JRE version: 7.0_09-b05
# Java VM: Java HotSpot(TM) 64-Bit Server VM (23.5-b02 mixed mode linux-amd64 compressed oops)
Heap
 PSYoungGen      total 377152K, used 76407K [0x00000000e16b0000, 0x00000000fe0c0000, 0x0000000100000000)
  eden space 376320K, 20% used [0x00000000e16b0000,0x00000000e6085cd8,0x00000000f8630000)
  from space 832K, 96% used [0x00000000fcc80000,0x00000000fcd48000,0x00000000fcd50000)
  to   space 10752K, 0% used [0x00000000fd640000,0x00000000fd640000,0x00000000fe0c0000)
 ParOldGen       total 62656K, used 47653K [0x00000000a4400000, 0x00000000a8130000, 0x00000000e16b0000)
  object space 62656K, 76% used [0x00000000a4400000,0x00000000a72895a8,0x00000000a8130000)
 PSPermGen       total 43136K, used 43031K [0x000000009f200000, 0x00000000a1c20000, 0x00000000a4400000)
  object space 43136K, 99% used [0x000000009f200000,0x00000000a1c05e40,0x00000000a1c20000)
GC Heap History (10 events):
Event: 34.102 GC heap before
{Heap before GC invocations=17 (full 0):
 PSYoungGen      total 489920K, used 480288K [0x00000000e16b0000, 0x0000000100000000, 0x0000000100000000)
  eden space 479680K, 100% used [0x00000000e16b0000,0x00000000feb20000,0x00000000feb20000)
  from space 10240K, 5% used [0x00000000ff5d0000,0x00000000ff668000,0x00000000fffd0000)
  to   space 10688K, 0% used [0x00000000feb20000,0x00000000feb20000,0x00000000ff590000)
 ParOldGen       total 62656K, used 45438K [0x00000000a4400000, 0x00000000a8130000, 0x00000000e16b0000)
  object space 62656K, 72% used [0x00000000a4400000,0x00000000a705f9c8,0x00000000a8130000)
 PSPermGen       total 42176K, used 42116K [0x000000009f200000, 0x00000000a1b30000, 0x00000000a4400000)
  object space 42176K, 99% used [0x000000009f200000,0x00000000a1b212e8,0x00000000a1b30000)
Event: 34.115 GC heap after
Heap after GC invocations=17 (full 0):
 PSYoungGen      total 457344K, used 512K [0x00000000e16b0000, 0x00000000ff5e0000, 0x0000000100000000)
  eden space 456832K, 0% used [0x00000000e16b0000,0x00000000e16b0000,0x00000000fd4d0000)
  from space 512K, 100% used [0x00000000feb20000,0x00000000feba0000,0x00000000feba0000)
  to   space 10496K, 0% used [0x00000000feba0000,0x00000000feba0000,0x00000000ff5e0000)
 ParOldGen       total 62656K, used 45902K [0x00000000a4400000, 0x00000000a8130000, 0x00000000e16b0000)
  object space 62656K, 73% used [0x00000000a4400000,0x00000000a70d39c8,0x00000000a8130000)
 PSPermGen       total 42176K, used 42116K [0x000000009f200000, 0x00000000a1b30000, 0x00000000a4400000)
  object space 42176K, 99% used [0x000000009f200000,0x00000000a1b212e8,0x00000000a1b30000)
}
Event: 35.732 GC heap before
{Heap before GC invocations=18 (full 0):
 PSYoungGen      total 457344K, used 457344K [0x00000000e16b0000, 0x00000000ff5e0000, 0x0000000100000000)
  eden space 456832K, 100% used [0x00000000e16b0000,0x00000000fd4d0000,0x00000000fd4d0000)
  from space 512K, 100% used [0x00000000feb20000,0x00000000feba0000,0x00000000feba0000)
  to   space 10496K, 0% used [0x00000000feba0000,0x00000000feba0000,0x00000000ff5e0000)
 ParOldGen       total 62656K, used 45902K [0x00000000a4400000, 0x00000000a8130000, 0x00000000e16b0000)
  object space 62656K, 73% used [0x00000000a4400000,0x00000000a70d39c8,0x00000000a8130000)
 PSPermGen       total 42176K, used 42116K [0x000000009f200000, 0x00000000a1b30000, 0x00000000a4400000)
  object space 42176K, 99% used [0x000000009f200000,0x00000000a1b212e8,0x00000000a1b30000)
Event: 35.739 GC heap after
Heap after GC invocations=18 (full 0):
 PSYoungGen      total 435264K, used 96K [0x00000000e16b0000, 0x00000000febc0000, 0x0000000100000000)
  eden space 435136K, 0% used [0x00000000e16b0000,0x00000000e16b0000,0x00000000fbfa0000)
  from space 128K, 75% used [0x00000000feba0000,0x00000000febb8000,0x00000000febc0000)
  to   space 11200K, 0% used [0x00000000fd5e0000,0x00000000fd5e0000,0x00000000fe0d0000)
 ParOldGen       total 62656K, used 46405K [0x00000000a4400000, 0x00000000a8130000, 0x00000000e16b0000)
  object space 62656K, 74% used [0x00000000a4400000,0x00000000a71515a8,0x00000000a8130000)
 PSPermGen       total 42176K, used 42116K [0x000000009f200000, 0x00000000a1b30000, 0x00000000a4400000)
  object space 42176K, 99% used [0x000000009f200000,0x00000000a1b212e8,0x00000000a1b30000)
}
Event: 37.251 GC heap before
{Heap before GC invocations=19 (full 0):
 PSYoungGen      total 435264K, used 435232K [0x00000000e16b0000, 0x00000000febc0000, 0x0000000100000000)
  eden space 435136K, 100% used [0x00000000e16b0000,0x00000000fbfa0000,0x00000000fbfa0000)
  from space 128K, 75% used [0x00000000feba0000,0x00000000febb8000,0x00000000febc0000)
  to   space 11200K, 0% used [0x00000000fd5e0000,0x00000000fd5e0000,0x00000000fe0d0000)
 ParOldGen       total 62656K, used 46405K [0x00000000a4400000, 0x00000000a8130000, 0x00000000e16b0000)
  object space 62656K, 74% used [0x00000000a4400000,0x00000000a71515a8,0x00000000a8130000)
 PSPermGen       total 42176K, used 42116K [0x000000009f200000, 0x00000000a1b30000, 0x00000000a4400000)
  object space 42176K, 99% used [0x000000009f200000,0x00000000a1b212e8,0x00000000a1b30000)
Event: 37.256 GC heap after
Heap after GC invocations=19 (full 0):
 PSYoungGen      total 414656K, used 96K [0x00000000e16b0000, 0x00000000febb0000, 0x0000000100000000)
  eden space 414528K, 0% used [0x00000000e16b0000,0x00000000e16b0000,0x00000000fab80000)
  from space 128K, 75% used [0x00000000fd5e0000,0x00000000fd5f8000,0x00000000fd600000)
  to   space 11264K, 0% used [0x00000000fe0b0000,0x00000000fe0b0000,0x00000000febb0000)
 ParOldGen       total 62656K, used 46429K [0x00000000a4400000, 0x00000000a8130000, 0x00000000e16b0000)
  object space 62656K, 74% used [0x00000000a4400000,0x00000000a71575a8,0x00000000a8130000)
 PSPermGen       total 42176K, used 42116K [0x000000009f200000, 0x00000000a1b30000, 0x00000000a4400000)
  object space 42176K, 99% used [0x000000009f200000,0x00000000a1b212e8,0x00000000a1b30000)
}
Event: 43.306 GC heap before
{Heap before GC invocations=20 (full 0):
 PSYoungGen      total 414656K, used 414624K [0x00000000e16b0000, 0x00000000febb0000, 0x0000000100000000)
  eden space 414528K, 100% used [0x00000000e16b0000,0x00000000fab80000,0x00000000fab80000)
  from space 128K, 75% used [0x00000000fd5e0000,0x00000000fd5f8000,0x00000000fd600000)
  to   space 11264K, 0% used [0x00000000fe0b0000,0x00000000fe0b0000,0x00000000febb0000)
 ParOldGen       total 62656K, used 46429K [0x00000000a4400000, 0x00000000a8130000, 0x00000000e16b0000)
  object space 62656K, 74% used [0x00000000a4400000,0x00000000a71575a8,0x00000000a8130000)
 PSPermGen       total 42368K, used 42277K [0x000000009f200000, 0x00000000a1b60000, 0x00000000a4400000)
  object space 42368K, 99% used [0x000000009f200000,0x00000000a1b49780,0x00000000a1b60000)
Event: 43.319 GC heap after
Heap after GC invocations=20 (full 0):
 PSYoungGen      total 396288K, used 1344K [0x00000000e16b0000, 0x00000000fe200000, 0x0000000100000000)
  eden space 394944K, 0% used [0x00000000e16b0000,0x00000000e16b0000,0x00000000f9860000)
  from space 1344K, 100% used [0x00000000fe0b0000,0x00000000fe200000,0x00000000fe200000)
  to   space 11008K, 0% used [0x00000000fcc80000,0x00000000fcc80000,0x00000000fd740000)
 ParOldGen       total 62656K, used 46445K [0x00000000a4400000, 0x00000000a8130000, 0x00000000e16b0000)
  object space 62656K, 74% used [0x00000000a4400000,0x00000000a715b5a8,0x00000000a8130000)
 PSPermGen       total 42368K, used 42277K [0x000000009f200000, 0x00000000a1b60000, 0x00000000a4400000)
  object space 42368K, 99% used [0x000000009f200000,0x00000000a1b49780,0x00000000a1b60000)
}
Event: 238.200 GC heap before
{Heap before GC invocations=21 (full 0):
 PSYoungGen      total 396288K, used 396288K [0x00000000e16b0000, 0x00000000fe200000, 0x0000000100000000)
  eden space 394944K, 100% used [0x00000000e16b0000,0x00000000f9860000,0x00000000f9860000)
  from space 1344K, 100% used [0x00000000fe0b0000,0x00000000fe200000,0x00000000fe200000)
  to   space 11008K, 0% used [0x00000000fcc80000,0x00000000fcc80000,0x00000000fd740000)
 ParOldGen       total 62656K, used 46445K [0x00000000a4400000, 0x00000000a8130000, 0x00000000e16b0000)
  object space 62656K, 74% used [0x00000000a4400000,0x00000000a715b5a8,0x00000000a8130000)
 PSPermGen       total 43136K, used 43030K [0x000000009f200000, 0x00000000a1c20000, 0x00000000a4400000)
  object space 43136K, 99% used [0x000000009f200000,0x00000000a1c05ac0,0x00000000a1c20000)
Event: 238.212 GC heap after
Heap after GC invocations=21 (full 0):
 PSYoungGen      total 377152K, used 800K [0x00000000e16b0000, 0x00000000fe0c0000, 0x0000000100000000)
  eden space 376320K, 0% used [0x00000000e16b0000,0x00000000e16b0000,0x00000000f8630000)
  from space 832K, 96% used [0x00000000fcc80000,0x00000000fcd48000,0x00000000fcd50000)
  to   space 10752K, 0% used [0x00000000fd640000,0x00000000fd640000,0x00000000fe0c0000)
 ParOldGen       total 62656K, used 47653K [0x00000000a4400000, 0x00000000a8130000, 0x00000000e16b0000)
  object space 62656K, 76% used [0x00000000a4400000,0x00000000a72895a8,0x00000000a8130000)
 PSPermGen       total 43136K, used 43030K [0x000000009f200000, 0x00000000a1c20000, 0x00000000a4400000)
  object space 43136K, 99% used [0x000000009f200000,0x00000000a1c05ac0,0x00000000a1c20000)
}

