# JRE version: 7.0_09-b05
# Java VM: Java HotSpot(TM) 64-Bit Server VM (23.5-b02 mixed mode linux-amd64 compressed oops)
Heap
 PSYoungGen      total 296256K, used 210220K [0x00000000e16b0000, 0x00000000fc410000, 0x0000000100000000)
  eden space 296128K, 70% used [0x00000000e16b0000,0x00000000ee3db180,0x00000000f37e0000)
  from space 128K, 100% used [0x00000000fc3f0000,0x00000000fc410000,0x00000000fc410000)
  to   space 8768K, 0% used [0x00000000fb2f0000,0x00000000fb2f0000,0x00000000fbb80000)
 ParOldGen       total 62656K, used 44957K [0x00000000a4400000, 0x00000000a8130000, 0x00000000e16b0000)
  object space 62656K, 71% used [0x00000000a4400000,0x00000000a6fe7658,0x00000000a8130000)
 PSPermGen       total 38144K, used 37984K [0x000000009f200000, 0x00000000a1740000, 0x00000000a4400000)
  object space 38144K, 99% used [0x000000009f200000,0x00000000a1718318,0x00000000a1740000)
GC Heap History (10 events):
Event: 227.731 GC heap before
{Heap before GC invocations=22 (full 0):
 PSYoungGen      total 376768K, used 376736K [0x00000000e16b0000, 0x00000000fe070000, 0x0000000100000000)
  eden space 376064K, 100% used [0x00000000e16b0000,0x00000000f85f0000,0x00000000f85f0000)
  from space 704K, 95% used [0x00000000fcd20000,0x00000000fcdc8020,0x00000000fcdd0000)
  to   space 10304K, 0% used [0x00000000fd660000,0x00000000fd660000,0x00000000fe070000)
 ParOldGen       total 62656K, used 44269K [0x00000000a4400000, 0x00000000a8130000, 0x00000000e16b0000)
  object space 62656K, 70% used [0x00000000a4400000,0x00000000a6f3b658,0x00000000a8130000)
 PSPermGen       total 37760K, used 37627K [0x000000009f200000, 0x00000000a16e0000, 0x00000000a4400000)
  object space 37760K, 99% used [0x000000009f200000,0x00000000a16bec98,0x00000000a16e0000)
Event: 227.743 GC heap after
Heap after GC invocations=22 (full 0):
 PSYoungGen      total 358592K, used 160K [0x00000000e16b0000, 0x00000000fd690000, 0x0000000100000000)
  eden space 358400K, 0% used [0x00000000e16b0000,0x00000000e16b0000,0x00000000f74b0000)
  from space 192K, 83% used [0x00000000fd660000,0x00000000fd688000,0x00000000fd690000)
  to   space 10112K, 0% used [0x00000000fc2d0000,0x00000000fc2d0000,0x00000000fccb0000)
 ParOldGen       total 62656K, used 44637K [0x00000000a4400000, 0x00000000a8130000, 0x00000000e16b0000)
  object space 62656K, 71% used [0x00000000a4400000,0x00000000a6f97658,0x00000000a8130000)
 PSPermGen       total 37760K, used 37627K [0x000000009f200000, 0x00000000a16e0000, 0x00000000a4400000)
  object space 37760K, 99% used [0x000000009f200000,0x00000000a16bec98,0x00000000a16e0000)
}
Event: 260.939 GC heap before
{Heap before GC invocations=23 (full 0):
 PSYoungGen      total 358592K, used 358560K [0x00000000e16b0000, 0x00000000fd690000, 0x0000000100000000)
  eden space 358400K, 100% used [0x00000000e16b0000,0x00000000f74b0000,0x00000000f74b0000)
  from space 192K, 83% used [0x00000000fd660000,0x00000000fd688000,0x00000000fd690000)
  to   space 10112K, 0% used [0x00000000fc2d0000,0x00000000fc2d0000,0x00000000fccb0000)
 ParOldGen       total 62656K, used 44637K [0x00000000a4400000, 0x00000000a8130000, 0x00000000e16b0000)
  object space 62656K, 71% used [0x00000000a4400000,0x00000000a6f97658,0x00000000a8130000)
 PSPermGen       total 37760K, used 37669K [0x000000009f200000, 0x00000000a16e0000, 0x00000000a4400000)
  object space 37760K, 99% used [0x000000009f200000,0x00000000a16c97e0,0x00000000a16e0000)
Event: 260.944 GC heap after
Heap after GC invocations=23 (full 0):
 PSYoungGen      total 351744K, used 192K [0x00000000e16b0000, 0x00000000fd670000, 0x0000000100000000)
  eden space 341632K, 0% used [0x00000000e16b0000,0x00000000e16b0000,0x00000000f6450000)
  from space 10112K, 1% used [0x00000000fc2d0000,0x00000000fc300000,0x00000000fccb0000)
  to   space 9856K, 0% used [0x00000000fccd0000,0x00000000fccd0000,0x00000000fd670000)
 ParOldGen       total 62656K, used 44693K [0x00000000a4400000, 0x00000000a8130000, 0x00000000e16b0000)
  object space 62656K, 71% used [0x00000000a4400000,0x00000000a6fa5658,0x00000000a8130000)
 PSPermGen       total 37760K, used 37669K [0x000000009f200000, 0x00000000a16e0000, 0x00000000a4400000)
  object space 37760K, 99% used [0x000000009f200000,0x00000000a16c97e0,0x00000000a16e0000)
}
Event: 739.567 GC heap before
{Heap before GC invocations=24 (full 0):
 PSYoungGen      total 351744K, used 341824K [0x00000000e16b0000, 0x00000000fd670000, 0x0000000100000000)
  eden space 341632K, 100% used [0x00000000e16b0000,0x00000000f6450000,0x00000000f6450000)
  from space 10112K, 1% used [0x00000000fc2d0000,0x00000000fc300000,0x00000000fccb0000)
  to   space 9856K, 0% used [0x00000000fccd0000,0x00000000fccd0000,0x00000000fd670000)
 ParOldGen       total 62656K, used 44693K [0x00000000a4400000, 0x00000000a8130000, 0x00000000e16b0000)
  object space 62656K, 71% used [0x00000000a4400000,0x00000000a6fa5658,0x00000000a8130000)
 PSPermGen       total 37952K, used 37835K [0x000000009f200000, 0x00000000a1710000, 0x00000000a4400000)
  object space 37952K, 99% used [0x000000009f200000,0x00000000a16f2ca8,0x00000000a1710000)
Event: 739.581 GC heap after
Heap after GC invocations=24 (full 0):
 PSYoungGen      total 325952K, used 256K [0x00000000e16b0000, 0x00000000fcd10000, 0x0000000100000000)
  eden space 325696K, 0% used [0x00000000e16b0000,0x00000000e16b0000,0x00000000f54c0000)
  from space 256K, 100% used [0x00000000fccd0000,0x00000000fcd10000,0x00000000fcd10000)
  to   space 9472K, 0% used [0x00000000fba90000,0x00000000fba90000,0x00000000fc3d0000)
 ParOldGen       total 62656K, used 44741K [0x00000000a4400000, 0x00000000a8130000, 0x00000000e16b0000)
  object space 62656K, 71% used [0x00000000a4400000,0x00000000a6fb1658,0x00000000a8130000)
 PSPermGen       total 37952K, used 37835K [0x000000009f200000, 0x00000000a1710000, 0x00000000a4400000)
  object space 37952K, 99% used [0x000000009f200000,0x00000000a16f2ca8,0x00000000a1710000)
}
Event: 769.735 GC heap before
{Heap before GC invocations=25 (full 0):
 PSYoungGen      total 325952K, used 325952K [0x00000000e16b0000, 0x00000000fcd10000, 0x0000000100000000)
  eden space 325696K, 100% used [0x00000000e16b0000,0x00000000f54c0000,0x00000000f54c0000)
  from space 256K, 100% used [0x00000000fccd0000,0x00000000fcd10000,0x00000000fcd10000)
  to   space 9472K, 0% used [0x00000000fba90000,0x00000000fba90000,0x00000000fc3d0000)
 ParOldGen       total 62656K, used 44741K [0x00000000a4400000, 0x00000000a8130000, 0x00000000e16b0000)
  object space 62656K, 71% used [0x00000000a4400000,0x00000000a6fb1658,0x00000000a8130000)
 PSPermGen       total 37952K, used 37846K [0x000000009f200000, 0x00000000a1710000, 0x00000000a4400000)
  object space 37952K, 99% used [0x000000009f200000,0x00000000a16f5bd0,0x00000000a1710000)
Event: 769.741 GC heap after
Heap after GC invocations=25 (full 0):
 PSYoungGen      total 320000K, used 128K [0x00000000e16b0000, 0x00000000fcce0000, 0x0000000100000000)
  eden space 310528K, 0% used [0x00000000e16b0000,0x00000000e16b0000,0x00000000f45f0000)
  from space 9472K, 1% used [0x00000000fba90000,0x00000000fbab0000,0x00000000fc3d0000)
  to   space 9152K, 0% used [0x00000000fc3f0000,0x00000000fc3f0000,0x00000000fcce0000)
 ParOldGen       total 62656K, used 44925K [0x00000000a4400000, 0x00000000a8130000, 0x00000000e16b0000)
  object space 62656K, 71% used [0x00000000a4400000,0x00000000a6fdf658,0x00000000a8130000)
 PSPermGen       total 37952K, used 37846K [0x000000009f200000, 0x00000000a1710000, 0x00000000a4400000)
  object space 37952K, 99% used [0x000000009f200000,0x00000000a16f5bd0,0x00000000a1710000)
}
Event: 800.637 GC heap before
{Heap before GC invocations=26 (full 0):
 PSYoungGen      total 320000K, used 310656K [0x00000000e16b0000, 0x00000000fcce0000, 0x0000000100000000)
  eden space 310528K, 100% used [0x00000000e16b0000,0x00000000f45f0000,0x00000000f45f0000)
  from space 9472K, 1% used [0x00000000fba90000,0x00000000fbab0000,0x00000000fc3d0000)
  to   space 9152K, 0% used [0x00000000fc3f0000,0x00000000fc3f0000,0x00000000fcce0000)
 ParOldGen       total 62656K, used 44925K [0x00000000a4400000, 0x00000000a8130000, 0x00000000e16b0000)
  object space 62656K, 71% used [0x00000000a4400000,0x00000000a6fdf658,0x00000000a8130000)
 PSPermGen       total 37952K, used 37850K [0x000000009f200000, 0x00000000a1710000, 0x00000000a4400000)
  object space 37952K, 99% used [0x000000009f200000,0x00000000a16f6ad8,0x00000000a1710000)
Event: 800.642 GC heap after
Heap after GC invocations=26 (full 0):
 PSYoungGen      total 296256K, used 128K [0x00000000e16b0000, 0x00000000fc410000, 0x0000000100000000)
  eden space 296128K, 0% used [0x00000000e16b0000,0x00000000e16b0000,0x00000000f37e0000)
  from space 128K, 100% used [0x00000000fc3f0000,0x00000000fc410000,0x00000000fc410000)
  to   space 8768K, 0% used [0x00000000fb2f0000,0x00000000fb2f0000,0x00000000fbb80000)
 ParOldGen       total 62656K, used 44957K [0x00000000a4400000, 0x00000000a8130000, 0x00000000e16b0000)
  object space 62656K, 71% used [0x00000000a4400000,0x00000000a6fe7658,0x00000000a8130000)
 PSPermGen       total 37952K, used 37850K [0x000000009f200000, 0x00000000a1710000, 0x00000000a4400000)
  object space 37952K, 99% used [0x000000009f200000,0x00000000a16f6ad8,0x00000000a1710000)
}

